[NX Daemon Server] - 2024-10-28T18:43:23.421Z - Started listening on: /var/folders/g0/wnj446sn0kx_27k_sc3vjm1m0000gn/T/a5b32d1f8406400f5490/d.sock
[NX Daemon Server] - 2024-10-28T18:43:23.422Z - [WATCHER]: Subscribed to changes within: /Users/rcanfield/Projects/squadron-test/zephyr-demo (native)
[NX Daemon Server] - 2024-10-28T18:43:23.424Z - Established a connection. Number of open connections: 1
[NX Daemon Server] - 2024-10-28T18:43:23.424Z - Established a connection. Number of open connections: 2
[NX Daemon Server] - 2024-10-28T18:43:23.425Z - Closed a connection. Number of open connections: 1
[NX Daemon Server] - 2024-10-28T18:43:23.426Z - [REQUEST]: Client Request for Project Graph Received
[NX Daemon Server] - 2024-10-28T18:43:23.482Z - [WATCHER]: Processing file changes in outputs
[NX Daemon Server] - 2024-10-28T18:43:23.536Z - [REQUEST]: Updated workspace context based on watched changes, recomputing project graph...
[NX Daemon Server] - 2024-10-28T18:43:23.536Z - [REQUEST]: 
[NX Daemon Server] - 2024-10-28T18:43:23.536Z - [REQUEST]: 
[NX Daemon Server] - 2024-10-28T18:43:23.541Z - Time taken for 'loadNxPlugins' 109.603208ms
[NX Daemon Server] - 2024-10-28T18:43:23.824Z - Time taken for 'build-project-configs' 274.49362499999995ms
[NX Daemon Server] - 2024-10-28T18:43:23.971Z - [SYNC]: collect registered sync generators
[NX Daemon Server] - 2024-10-28T18:43:23.972Z - [REQUEST]: Responding to the client. project-graph
[NX Daemon Server] - 2024-10-28T18:43:23.973Z - Time taken for 'total for creating and serializing project graph' 546.3797079999999ms
[NX Daemon Server] - 2024-10-28T18:43:23.976Z - Done responding to the client project-graph
[NX Daemon Server] - 2024-10-28T18:43:23.976Z - Handled REQUEST_PROJECT_GRAPH. Handling time: 546. Response time: 4.
[NX Daemon Server] - 2024-10-28T18:43:24.034Z - [REQUEST]: Responding to the client. handleHashTasks
[NX Daemon Server] - 2024-10-28T18:43:24.034Z - Done responding to the client handleHashTasks
[NX Daemon Server] - 2024-10-28T18:43:24.034Z - Handled HASH_TASKS. Handling time: 18. Response time: 0.
[NX Daemon Server] - 2024-10-28T18:43:27.786Z - [WATCHER]: Processing file changes in outputs
[NX Daemon Server] - 2024-10-28T18:43:28.052Z - [WATCHER]: Processing file changes in outputs
[NX Daemon Server] - 2024-10-28T18:43:28.662Z - [REQUEST]: Responding to the client. recordOutputsHash
[NX Daemon Server] - 2024-10-28T18:43:28.663Z - Done responding to the client recordOutputsHash
[NX Daemon Server] - 2024-10-28T18:43:28.663Z - Handled RECORD_OUTPUTS_HASH. Handling time: 2. Response time: 1.
[NX Daemon Server] - 2024-10-28T18:43:28.687Z - [WATCHER]: Processing file changes in outputs
[NX Daemon Server] - 2024-10-28T18:43:28.810Z - [WATCHER]: Processing file changes in outputs
[NX Daemon Server] - 2024-10-28T18:43:28.818Z - [REQUEST]: Responding to the client. recordOutputsHash
[NX Daemon Server] - 2024-10-28T18:43:28.818Z - Done responding to the client recordOutputsHash
[NX Daemon Server] - 2024-10-28T18:43:28.818Z - Handled RECORD_OUTPUTS_HASH. Handling time: 2. Response time: 0.
[NX Daemon Server] - 2024-10-28T18:43:28.926Z - [REQUEST]: Responding to the client. PROCESS_IN_BACKGROUND
[NX Daemon Server] - 2024-10-28T18:43:28.926Z - Done responding to the client PROCESS_IN_BACKGROUND
[NX Daemon Server] - 2024-10-28T18:43:28.926Z - Handled PROCESS_IN_BACKGROUND. Handling time: 65. Response time: 0.
[NX Daemon Server] - 2024-10-28T18:43:28.927Z - Uploading file artifacts
[NX Daemon Server] - 2024-10-28T18:43:28.927Z - Done uploading file artifacts
[NX Daemon Server] - 2024-10-28T18:43:28.927Z - Sending EndRun request
[NX Daemon Server] - 2024-10-28T18:43:29.164Z - Closed a connection. Number of open connections: 0
[NX Daemon Server] - 2024-10-28T18:43:30.202Z - Error when sending EndRun
Error: This workspace is more than three days old and is not connected. Workspaces must be connected within 3 days of creation. Claim your workspace at https://cloud.nx.app
    at Timeout._onTimeout (/Users/rcanfield/Projects/squadron-test/zephyr-demo/.nx/cache/cloud/2410.25.5/lib/daemon/process-run-end.js:32:8976)
    at process.processTicksAndRejections (node:internal/process/task_queues:95:5)
[NX Daemon Server] - 2024-10-28T18:43:44.659Z - Established a connection. Number of open connections: 1
[NX Daemon Server] - 2024-10-28T18:43:44.659Z - Closed a connection. Number of open connections: 0
[NX Daemon Server] - 2024-10-28T18:43:44.660Z - Established a connection. Number of open connections: 1
[NX Daemon Server] - 2024-10-28T18:43:44.661Z - [REQUEST]: Responding to the client. Shutdown initiated
[NX Daemon Server] - 2024-10-28T18:43:44.661Z - Done responding to the client Shutdown initiated
[NX Daemon Server] - 2024-10-28T18:43:44.661Z - Handled FORCE_SHUTDOWN. Handling time: 0. Response time: 0.
[NX Daemon Server] - 2024-10-28T18:43:44.663Z - Closed a connection. Number of open connections: 0
[NX Daemon Server] - 2024-10-28T18:43:44.663Z - [WATCHER]: Stopping the watcher for /Users/rcanfield/Projects/squadron-test/zephyr-demo (sources)
[NX Daemon Server] - 2024-10-28T18:43:44.663Z - [WATCHER]: Stopping the watcher for /Users/rcanfield/Projects/squadron-test/zephyr-demo (outputs)
[NX Daemon Server] - 2024-10-28T18:43:44.663Z - Server stopped because: "Request to shutdown"
[NX Daemon Server] - 2024-10-28T18:44:50.559Z - Started listening on: /var/folders/g0/wnj446sn0kx_27k_sc3vjm1m0000gn/T/a5b32d1f8406400f5490/d.sock
[NX Daemon Server] - 2024-10-28T18:44:50.561Z - [WATCHER]: Subscribed to changes within: /Users/rcanfield/Projects/squadron-test/zephyr-demo (native)
[NX Daemon Server] - 2024-10-28T18:44:50.563Z - Established a connection. Number of open connections: 1
[NX Daemon Server] - 2024-10-28T18:44:50.563Z - Established a connection. Number of open connections: 2
[NX Daemon Server] - 2024-10-28T18:44:50.564Z - Closed a connection. Number of open connections: 1
[NX Daemon Server] - 2024-10-28T18:44:50.565Z - [REQUEST]: Responding to the client. Shutdown initiated
[NX Daemon Server] - 2024-10-28T18:44:50.565Z - Done responding to the client Shutdown initiated
[NX Daemon Server] - 2024-10-28T18:44:50.565Z - Handled FORCE_SHUTDOWN. Handling time: 0. Response time: 0.
[NX Daemon Server] - 2024-10-28T18:44:50.566Z - [WATCHER]: Stopping the watcher for /Users/rcanfield/Projects/squadron-test/zephyr-demo (sources)
[NX Daemon Server] - 2024-10-28T18:44:50.566Z - Closed a connection. Number of open connections: 0
[NX Daemon Server] - 2024-10-28T18:44:50.566Z - [WATCHER]: Stopping the watcher for /Users/rcanfield/Projects/squadron-test/zephyr-demo (outputs)
[NX Daemon Server] - 2024-10-28T18:46:37.581Z - Started listening on: /var/folders/g0/wnj446sn0kx_27k_sc3vjm1m0000gn/T/a5b32d1f8406400f5490/d.sock
[NX Daemon Server] - 2024-10-28T18:46:37.583Z - [WATCHER]: Subscribed to changes within: /Users/rcanfield/Projects/squadron-test/zephyr-demo (native)
[NX Daemon Server] - 2024-10-28T18:46:37.590Z - Established a connection. Number of open connections: 1
[NX Daemon Server] - 2024-10-28T18:46:37.590Z - Established a connection. Number of open connections: 2
[NX Daemon Server] - 2024-10-28T18:46:37.591Z - Closed a connection. Number of open connections: 1
[NX Daemon Server] - 2024-10-28T18:46:37.592Z - [REQUEST]: Responding to the client. Shutdown initiated
[NX Daemon Server] - 2024-10-28T18:46:37.592Z - Done responding to the client Shutdown initiated
[NX Daemon Server] - 2024-10-28T18:46:37.592Z - Handled FORCE_SHUTDOWN. Handling time: 0. Response time: 0.
[NX Daemon Server] - 2024-10-28T18:46:37.593Z - [WATCHER]: Stopping the watcher for /Users/rcanfield/Projects/squadron-test/zephyr-demo (sources)
[NX Daemon Server] - 2024-10-28T18:46:37.593Z - Closed a connection. Number of open connections: 0
[NX Daemon Server] - 2024-10-28T18:46:37.593Z - [WATCHER]: Stopping the watcher for /Users/rcanfield/Projects/squadron-test/zephyr-demo (outputs)
[NX Daemon Server] - 2024-10-28T18:46:40.319Z - Started listening on: /var/folders/g0/wnj446sn0kx_27k_sc3vjm1m0000gn/T/a5b32d1f8406400f5490/d.sock
[NX Daemon Server] - 2024-10-28T18:46:40.320Z - [WATCHER]: Subscribed to changes within: /Users/rcanfield/Projects/squadron-test/zephyr-demo (native)
[NX Daemon Server] - 2024-10-28T18:46:40.328Z - Established a connection. Number of open connections: 1
[NX Daemon Server] - 2024-10-28T18:46:40.329Z - Established a connection. Number of open connections: 2
[NX Daemon Server] - 2024-10-28T18:46:40.330Z - Closed a connection. Number of open connections: 1
[NX Daemon Server] - 2024-10-28T18:46:40.330Z - [REQUEST]: Responding to the client. Shutdown initiated
[NX Daemon Server] - 2024-10-28T18:46:40.331Z - Done responding to the client Shutdown initiated
[NX Daemon Server] - 2024-10-28T18:46:40.331Z - Handled FORCE_SHUTDOWN. Handling time: 0. Response time: 1.
[NX Daemon Server] - 2024-10-28T18:46:40.332Z - [WATCHER]: Stopping the watcher for /Users/rcanfield/Projects/squadron-test/zephyr-demo (sources)
[NX Daemon Server] - 2024-10-28T18:46:40.333Z - Closed a connection. Number of open connections: 0
[NX Daemon Server] - 2024-10-28T18:46:40.333Z - [WATCHER]: Stopping the watcher for /Users/rcanfield/Projects/squadron-test/zephyr-demo (outputs)
[NX Daemon Server] - 2024-10-28T18:46:53.773Z - Started listening on: /var/folders/g0/wnj446sn0kx_27k_sc3vjm1m0000gn/T/a5b32d1f8406400f5490/d.sock
[NX Daemon Server] - 2024-10-28T18:46:53.775Z - [WATCHER]: Subscribed to changes within: /Users/rcanfield/Projects/squadron-test/zephyr-demo (native)
[NX Daemon Server] - 2024-10-28T18:46:53.780Z - Established a connection. Number of open connections: 1
[NX Daemon Server] - 2024-10-28T18:46:53.781Z - Established a connection. Number of open connections: 2
[NX Daemon Server] - 2024-10-28T18:46:53.782Z - Closed a connection. Number of open connections: 1
[NX Daemon Server] - 2024-10-28T18:46:53.782Z - [REQUEST]: Client Request for Project Graph Received
[NX Daemon Server] - 2024-10-28T18:46:53.836Z - [WATCHER]: Processing file changes in outputs
[NX Daemon Server] - 2024-10-28T18:46:53.877Z - [REQUEST]: Updated workspace context based on watched changes, recomputing project graph...
[NX Daemon Server] - 2024-10-28T18:46:53.877Z - [REQUEST]: 
[NX Daemon Server] - 2024-10-28T18:46:53.878Z - [REQUEST]: 
[NX Daemon Server] - 2024-10-28T18:46:53.882Z - Time taken for 'loadNxPlugins' 94.507125ms
[NX Daemon Server] - 2024-10-28T18:46:54.154Z - Time taken for 'build-project-configs' 252.468709ms
[NX Daemon Server] - 2024-10-28T18:46:54.203Z - [SYNC]: collect registered sync generators
[NX Daemon Server] - 2024-10-28T18:46:54.204Z - [REQUEST]: Responding to the client. project-graph
[NX Daemon Server] - 2024-10-28T18:46:54.204Z - Time taken for 'total for creating and serializing project graph' 421.571417ms
[NX Daemon Server] - 2024-10-28T18:46:54.209Z - Done responding to the client project-graph
[NX Daemon Server] - 2024-10-28T18:46:54.209Z - Handled REQUEST_PROJECT_GRAPH. Handling time: 422. Response time: 5.
[NX Daemon Server] - 2024-10-28T18:46:54.260Z - [REQUEST]: Responding to the client. handleHashTasks
[NX Daemon Server] - 2024-10-28T18:46:54.260Z - Done responding to the client handleHashTasks
[NX Daemon Server] - 2024-10-28T18:46:54.260Z - Handled HASH_TASKS. Handling time: 14. Response time: 0.
[NX Daemon Server] - 2024-10-28T18:46:56.808Z - [WATCHER]: Processing file changes in outputs
[NX Daemon Server] - 2024-10-28T18:46:56.863Z - [WATCHER]: Processing file changes in outputs
[NX Daemon Server] - 2024-10-28T18:46:56.919Z - [WATCHER]: Processing file changes in outputs
[NX Daemon Server] - 2024-10-28T18:46:56.984Z - [WATCHER]: Processing file changes in outputs
[NX Daemon Server] - 2024-10-28T18:46:57.815Z - [WATCHER]: Processing file changes in outputs
[NX Daemon Server] - 2024-10-28T18:46:59.737Z - Closed a connection. Number of open connections: 0
[NX Daemon Server] - 2024-10-28T18:47:01.957Z - Established a connection. Number of open connections: 1
[NX Daemon Server] - 2024-10-28T18:47:01.957Z - Closed a connection. Number of open connections: 0
[NX Daemon Server] - 2024-10-28T18:47:01.958Z - Established a connection. Number of open connections: 1
[NX Daemon Server] - 2024-10-28T18:47:01.959Z - [REQUEST]: Client Request for Project Graph Received
[NX Daemon Server] - 2024-10-28T18:47:01.959Z - [REQUEST]: Responding to the client. project-graph
[NX Daemon Server] - 2024-10-28T18:47:01.960Z - Time taken for 'total for creating and serializing project graph' 0.15216599999985192ms
[NX Daemon Server] - 2024-10-28T18:47:01.963Z - Done responding to the client project-graph
[NX Daemon Server] - 2024-10-28T18:47:01.963Z - Handled REQUEST_PROJECT_GRAPH. Handling time: 0. Response time: 4.
[NX Daemon Server] - 2024-10-28T18:47:02.002Z - [REQUEST]: Responding to the client. handleHashTasks
[NX Daemon Server] - 2024-10-28T18:47:02.002Z - Done responding to the client handleHashTasks
[NX Daemon Server] - 2024-10-28T18:47:02.002Z - Handled HASH_TASKS. Handling time: 7. Response time: 0.
[NX Daemon Server] - 2024-10-28T18:49:25.805Z - Closed a connection. Number of open connections: 0
[NX Daemon Server] - 2024-10-28T18:49:52.779Z - Established a connection. Number of open connections: 1
[NX Daemon Server] - 2024-10-28T18:49:52.779Z - Closed a connection. Number of open connections: 0
[NX Daemon Server] - 2024-10-28T18:49:52.780Z - Established a connection. Number of open connections: 1
[NX Daemon Server] - 2024-10-28T18:49:52.781Z - [REQUEST]: Client Request for Project Graph Received
[NX Daemon Server] - 2024-10-28T18:49:52.781Z - [REQUEST]: Responding to the client. project-graph
[NX Daemon Server] - 2024-10-28T18:49:52.782Z - Time taken for 'total for creating and serializing project graph' 0.20749999998952262ms
[NX Daemon Server] - 2024-10-28T18:49:52.784Z - Done responding to the client project-graph
[NX Daemon Server] - 2024-10-28T18:49:52.784Z - Handled REQUEST_PROJECT_GRAPH. Handling time: 0. Response time: 3.
[NX Daemon Server] - 2024-10-28T18:49:52.827Z - [REQUEST]: Responding to the client. handleHashTasks
[NX Daemon Server] - 2024-10-28T18:49:52.827Z - Done responding to the client handleHashTasks
[NX Daemon Server] - 2024-10-28T18:49:52.827Z - Handled HASH_TASKS. Handling time: 9. Response time: 0.
[NX Daemon Server] - 2024-10-28T18:49:53.060Z - Established a connection. Number of open connections: 2
[NX Daemon Server] - 2024-10-28T18:49:53.061Z - Closed a connection. Number of open connections: 1
[NX Daemon Server] - 2024-10-28T18:49:53.061Z - Established a connection. Number of open connections: 2
[NX Daemon Server] - 2024-10-28T18:49:53.062Z - [REQUEST]: Client Request for Project Graph Received
[NX Daemon Server] - 2024-10-28T18:49:53.062Z - [REQUEST]: Responding to the client. project-graph
[NX Daemon Server] - 2024-10-28T18:49:53.063Z - Time taken for 'total for creating and serializing project graph' 0.1910840000200551ms
[NX Daemon Server] - 2024-10-28T18:49:53.064Z - Established a connection. Number of open connections: 3
[NX Daemon Server] - 2024-10-28T18:49:53.064Z - Closed a connection. Number of open connections: 2
[NX Daemon Server] - 2024-10-28T18:49:53.065Z - Established a connection. Number of open connections: 3
[NX Daemon Server] - 2024-10-28T18:49:53.066Z - [REQUEST]: Client Request for Project Graph Received
[NX Daemon Server] - 2024-10-28T18:49:53.066Z - [REQUEST]: Responding to the client. project-graph
[NX Daemon Server] - 2024-10-28T18:49:53.067Z - Time taken for 'total for creating and serializing project graph' 0.22966599999926984ms
[NX Daemon Server] - 2024-10-28T18:49:53.069Z - Done responding to the client project-graph
[NX Daemon Server] - 2024-10-28T18:49:53.069Z - Handled REQUEST_PROJECT_GRAPH. Handling time: 0. Response time: 7.
[NX Daemon Server] - 2024-10-28T18:49:53.070Z - Done responding to the client project-graph
[NX Daemon Server] - 2024-10-28T18:49:53.071Z - Handled REQUEST_PROJECT_GRAPH. Handling time: 0. Response time: 5.
[NX Daemon Server] - 2024-10-28T18:49:53.108Z - [REQUEST]: Responding to the client. handleHashTasks
[NX Daemon Server] - 2024-10-28T18:49:53.117Z - [REQUEST]: Responding to the client. handleHashTasks
[NX Daemon Server] - 2024-10-28T18:49:53.117Z - Done responding to the client handleHashTasks
[NX Daemon Server] - 2024-10-28T18:49:53.117Z - Handled HASH_TASKS. Handling time: 7. Response time: 9.
[NX Daemon Server] - 2024-10-28T18:49:53.117Z - Done responding to the client handleHashTasks
[NX Daemon Server] - 2024-10-28T18:49:53.117Z - Handled HASH_TASKS. Handling time: 8. Response time: 0.
[NX Daemon Server] - 2024-10-28T18:49:53.908Z - [WATCHER]: Processing file changes in outputs
[NX Daemon Server] - 2024-10-28T18:49:54.145Z - [WATCHER]: Processing file changes in outputs
[NX Daemon Server] - 2024-10-28T18:49:54.910Z - [WATCHER]: Processing file changes in outputs
[NX Daemon Server] - 2024-10-28T18:50:40.797Z - [WATCHER]: apps/host/project.json was modified
[NX Daemon Server] - 2024-10-28T18:50:40.798Z - [WATCHER]: Processing file changes in outputs
[NX Daemon Server] - 2024-10-28T18:50:40.899Z - [REQUEST]: Updated workspace context based on watched changes, recomputing project graph...
[NX Daemon Server] - 2024-10-28T18:50:40.899Z - [REQUEST]: apps/host/project.json
[NX Daemon Server] - 2024-10-28T18:50:40.899Z - [REQUEST]: 
[NX Daemon Server] - 2024-10-28T18:50:40.901Z - Time taken for 'hash changed files from watcher' 0.12170799999148585ms
[NX Daemon Server] - 2024-10-28T18:50:40.914Z - Time taken for 'build-project-configs' 11.775750000000698ms
[NX Daemon Server] - 2024-10-28T18:50:41.064Z - [SYNC]: collect registered sync generators
[NX Daemon Server] - 2024-10-28T18:50:41.064Z - [SYNC]: nx.json hash is the same, not collecting global sync generators
[NX Daemon Server] - 2024-10-28T18:50:41.064Z - Time taken for 'total execution time for createProjectGraph()' 145.34225000001607ms
[NX Daemon Server] - 2024-10-28T18:50:41.486Z - Closed a connection. Number of open connections: 2
[NX Daemon Server] - 2024-10-28T18:50:41.487Z - Closed a connection. Number of open connections: 1
[NX Daemon Server] - 2024-10-28T18:50:41.492Z - Closed a connection. Number of open connections: 0
[NX Daemon Server] - 2024-10-28T18:50:43.292Z - Established a connection. Number of open connections: 1
[NX Daemon Server] - 2024-10-28T18:50:43.292Z - Closed a connection. Number of open connections: 0
[NX Daemon Server] - 2024-10-28T18:50:43.292Z - Established a connection. Number of open connections: 1
[NX Daemon Server] - 2024-10-28T18:50:43.293Z - [REQUEST]: Client Request for Project Graph Received
[NX Daemon Server] - 2024-10-28T18:50:43.294Z - [REQUEST]: Responding to the client. project-graph
[NX Daemon Server] - 2024-10-28T18:50:43.294Z - Time taken for 'total for creating and serializing project graph' 0.1381249999976717ms
[NX Daemon Server] - 2024-10-28T18:50:43.297Z - Done responding to the client project-graph
[NX Daemon Server] - 2024-10-28T18:50:43.297Z - Handled REQUEST_PROJECT_GRAPH. Handling time: 1. Response time: 3.
[NX Daemon Server] - 2024-10-28T18:50:43.341Z - [REQUEST]: Responding to the client. handleHashTasks
[NX Daemon Server] - 2024-10-28T18:50:43.341Z - Done responding to the client handleHashTasks
[NX Daemon Server] - 2024-10-28T18:50:43.342Z - Handled HASH_TASKS. Handling time: 13. Response time: 1.
[NX Daemon Server] - 2024-10-28T18:50:43.573Z - Established a connection. Number of open connections: 2
[NX Daemon Server] - 2024-10-28T18:50:43.573Z - Closed a connection. Number of open connections: 1
[NX Daemon Server] - 2024-10-28T18:50:43.574Z - Established a connection. Number of open connections: 2
[NX Daemon Server] - 2024-10-28T18:50:43.575Z - [REQUEST]: Client Request for Project Graph Received
[NX Daemon Server] - 2024-10-28T18:50:43.575Z - [REQUEST]: Responding to the client. project-graph
[NX Daemon Server] - 2024-10-28T18:50:43.576Z - Time taken for 'total for creating and serializing project graph' 0.15112500000395812ms
[NX Daemon Server] - 2024-10-28T18:50:43.576Z - Established a connection. Number of open connections: 3
[NX Daemon Server] - 2024-10-28T18:50:43.576Z - Closed a connection. Number of open connections: 2
[NX Daemon Server] - 2024-10-28T18:50:43.577Z - Established a connection. Number of open connections: 3
[NX Daemon Server] - 2024-10-28T18:50:43.578Z - [REQUEST]: Client Request for Project Graph Received
[NX Daemon Server] - 2024-10-28T18:50:43.578Z - [REQUEST]: Responding to the client. project-graph
[NX Daemon Server] - 2024-10-28T18:50:43.579Z - Time taken for 'total for creating and serializing project graph' 0.11824999999953434ms
[NX Daemon Server] - 2024-10-28T18:50:43.579Z - Done responding to the client project-graph
[NX Daemon Server] - 2024-10-28T18:50:43.579Z - Handled REQUEST_PROJECT_GRAPH. Handling time: 0. Response time: 4.
[NX Daemon Server] - 2024-10-28T18:50:43.582Z - Done responding to the client project-graph
[NX Daemon Server] - 2024-10-28T18:50:43.582Z - Handled REQUEST_PROJECT_GRAPH. Handling time: 0. Response time: 4.
[NX Daemon Server] - 2024-10-28T18:50:43.619Z - [REQUEST]: Responding to the client. handleHashTasks
[NX Daemon Server] - 2024-10-28T18:50:43.619Z - Done responding to the client handleHashTasks
[NX Daemon Server] - 2024-10-28T18:50:43.619Z - Handled HASH_TASKS. Handling time: 8. Response time: 0.
[NX Daemon Server] - 2024-10-28T18:50:43.627Z - [REQUEST]: Responding to the client. handleHashTasks
[NX Daemon Server] - 2024-10-28T18:50:43.627Z - Done responding to the client handleHashTasks
[NX Daemon Server] - 2024-10-28T18:50:43.627Z - Handled HASH_TASKS. Handling time: 8. Response time: 0.
[NX Daemon Server] - 2024-10-28T18:50:44.225Z - [WATCHER]: Processing file changes in outputs
[NX Daemon Server] - 2024-10-28T18:50:44.424Z - [WATCHER]: Processing file changes in outputs
[NX Daemon Server] - 2024-10-28T18:50:45.148Z - [WATCHER]: Processing file changes in outputs
[NX Daemon Server] - 2024-10-28T18:50:46.075Z - Closed a connection. Number of open connections: 2
[NX Daemon Server] - 2024-10-28T18:50:46.075Z - Closed a connection. Number of open connections: 1
[NX Daemon Server] - 2024-10-28T18:50:46.084Z - Closed a connection. Number of open connections: 0
[NX Daemon Server] - 2024-10-28T18:50:51.456Z - [WATCHER]: apps/host/project.json was modified
[NX Daemon Server] - 2024-10-28T18:50:51.456Z - [WATCHER]: Processing file changes in outputs
[NX Daemon Server] - 2024-10-28T18:50:51.557Z - [REQUEST]: Updated workspace context based on watched changes, recomputing project graph...
[NX Daemon Server] - 2024-10-28T18:50:51.557Z - [REQUEST]: apps/host/project.json
[NX Daemon Server] - 2024-10-28T18:50:51.557Z - [REQUEST]: 
[NX Daemon Server] - 2024-10-28T18:50:51.559Z - Time taken for 'hash changed files from watcher' 0.10025000001769513ms
[NX Daemon Server] - 2024-10-28T18:50:51.571Z - Time taken for 'build-project-configs' 10.232292000000598ms
[NX Daemon Server] - 2024-10-28T18:50:51.599Z - [SYNC]: collect registered sync generators
[NX Daemon Server] - 2024-10-28T18:50:51.600Z - [SYNC]: nx.json hash is the same, not collecting global sync generators
[NX Daemon Server] - 2024-10-28T18:50:51.600Z - Time taken for 'total execution time for createProjectGraph()' 25.92850000000908ms
[NX Daemon Server] - 2024-10-28T18:51:35.064Z - [WATCHER]: apps/hero/project.json was modified
[NX Daemon Server] - 2024-10-28T18:51:35.064Z - [WATCHER]: Processing file changes in outputs
[NX Daemon Server] - 2024-10-28T18:51:35.265Z - [REQUEST]: Updated workspace context based on watched changes, recomputing project graph...
[NX Daemon Server] - 2024-10-28T18:51:35.265Z - [REQUEST]: apps/hero/project.json
[NX Daemon Server] - 2024-10-28T18:51:35.265Z - [REQUEST]: 
[NX Daemon Server] - 2024-10-28T18:51:35.267Z - Time taken for 'hash changed files from watcher' 0.13604199996916577ms
[NX Daemon Server] - 2024-10-28T18:51:35.280Z - Time taken for 'build-project-configs' 10.13108399999328ms
[NX Daemon Server] - 2024-10-28T18:51:35.306Z - [SYNC]: collect registered sync generators
[NX Daemon Server] - 2024-10-28T18:51:35.306Z - [SYNC]: nx.json hash is the same, not collecting global sync generators
[NX Daemon Server] - 2024-10-28T18:51:35.306Z - Time taken for 'total execution time for createProjectGraph()' 24.015958000032697ms
[NX Daemon Server] - 2024-10-28T18:51:52.535Z - Established a connection. Number of open connections: 1
[NX Daemon Server] - 2024-10-28T18:51:52.536Z - Closed a connection. Number of open connections: 0
[NX Daemon Server] - 2024-10-28T18:51:52.536Z - Established a connection. Number of open connections: 1
[NX Daemon Server] - 2024-10-28T18:51:52.537Z - [REQUEST]: Client Request for Project Graph Received
[NX Daemon Server] - 2024-10-28T18:51:52.537Z - [REQUEST]: Responding to the client. project-graph
[NX Daemon Server] - 2024-10-28T18:51:52.538Z - Time taken for 'total for creating and serializing project graph' 0.10945799999171868ms
[NX Daemon Server] - 2024-10-28T18:51:52.541Z - Done responding to the client project-graph
[NX Daemon Server] - 2024-10-28T18:51:52.541Z - Handled REQUEST_PROJECT_GRAPH. Handling time: 0. Response time: 4.
[NX Daemon Server] - 2024-10-28T18:51:52.586Z - [REQUEST]: Responding to the client. handleHashTasks
[NX Daemon Server] - 2024-10-28T18:51:52.587Z - Done responding to the client handleHashTasks
[NX Daemon Server] - 2024-10-28T18:51:52.587Z - Handled HASH_TASKS. Handling time: 14. Response time: 1.
[NX Daemon Server] - 2024-10-28T18:51:52.821Z - Established a connection. Number of open connections: 2
[NX Daemon Server] - 2024-10-28T18:51:52.822Z - Closed a connection. Number of open connections: 1
[NX Daemon Server] - 2024-10-28T18:51:52.822Z - Established a connection. Number of open connections: 2
[NX Daemon Server] - 2024-10-28T18:51:52.823Z - [REQUEST]: Client Request for Project Graph Received
[NX Daemon Server] - 2024-10-28T18:51:52.823Z - [REQUEST]: Responding to the client. project-graph
[NX Daemon Server] - 2024-10-28T18:51:52.824Z - Time taken for 'total for creating and serializing project graph' 0.14483299996936694ms
[NX Daemon Server] - 2024-10-28T18:51:52.824Z - Established a connection. Number of open connections: 3
[NX Daemon Server] - 2024-10-28T18:51:52.825Z - Closed a connection. Number of open connections: 2
[NX Daemon Server] - 2024-10-28T18:51:52.825Z - Established a connection. Number of open connections: 3
[NX Daemon Server] - 2024-10-28T18:51:52.826Z - Done responding to the client project-graph
[NX Daemon Server] - 2024-10-28T18:51:52.826Z - Handled REQUEST_PROJECT_GRAPH. Handling time: 0. Response time: 3.
[NX Daemon Server] - 2024-10-28T18:51:52.827Z - [REQUEST]: Client Request for Project Graph Received
[NX Daemon Server] - 2024-10-28T18:51:52.827Z - [REQUEST]: Responding to the client. project-graph
[NX Daemon Server] - 2024-10-28T18:51:52.827Z - Time taken for 'total for creating and serializing project graph' 0.10208300000522286ms
[NX Daemon Server] - 2024-10-28T18:51:52.831Z - Done responding to the client project-graph
[NX Daemon Server] - 2024-10-28T18:51:52.831Z - Handled REQUEST_PROJECT_GRAPH. Handling time: 0. Response time: 4.
[NX Daemon Server] - 2024-10-28T18:51:52.866Z - [REQUEST]: Responding to the client. handleHashTasks
[NX Daemon Server] - 2024-10-28T18:51:52.874Z - [REQUEST]: Responding to the client. handleHashTasks
[NX Daemon Server] - 2024-10-28T18:51:52.874Z - Done responding to the client handleHashTasks
[NX Daemon Server] - 2024-10-28T18:51:52.874Z - Handled HASH_TASKS. Handling time: 8. Response time: 8.
[NX Daemon Server] - 2024-10-28T18:51:52.874Z - Done responding to the client handleHashTasks
[NX Daemon Server] - 2024-10-28T18:51:52.874Z - Handled HASH_TASKS. Handling time: 8. Response time: 0.
[NX Daemon Server] - 2024-10-28T18:51:53.477Z - [WATCHER]: Processing file changes in outputs
[NX Daemon Server] - 2024-10-28T18:51:53.684Z - [WATCHER]: Processing file changes in outputs
[NX Daemon Server] - 2024-10-28T18:51:54.363Z - [WATCHER]: Processing file changes in outputs
[NX Daemon Server] - 2024-10-28T18:52:46.174Z - [WATCHER]: apps/host/module-federation.config.ts was modified
[NX Daemon Server] - 2024-10-28T18:52:46.174Z - [WATCHER]: Processing file changes in outputs
[NX Daemon Server] - 2024-10-28T18:52:46.276Z - [REQUEST]: Updated workspace context based on watched changes, recomputing project graph...
[NX Daemon Server] - 2024-10-28T18:52:46.276Z - [REQUEST]: apps/host/module-federation.config.ts
[NX Daemon Server] - 2024-10-28T18:52:46.276Z - [REQUEST]: 
[NX Daemon Server] - 2024-10-28T18:52:46.278Z - Time taken for 'hash changed files from watcher' 0.13774999999441206ms
[NX Daemon Server] - 2024-10-28T18:52:46.291Z - Time taken for 'build-project-configs' 11.791250000009313ms
[NX Daemon Server] - 2024-10-28T18:52:46.318Z - [SYNC]: collect registered sync generators
[NX Daemon Server] - 2024-10-28T18:52:46.318Z - [SYNC]: project graph hash is the same, not collecting task sync generators
[NX Daemon Server] - 2024-10-28T18:52:46.318Z - [SYNC]: nx.json hash is the same, not collecting global sync generators
[NX Daemon Server] - 2024-10-28T18:52:46.318Z - Time taken for 'total execution time for createProjectGraph()' 23.334541000018362ms
[NX Daemon Server] - 2024-10-28T18:52:46.905Z - Closed a connection. Number of open connections: 2
[NX Daemon Server] - 2024-10-28T18:52:46.909Z - Closed a connection. Number of open connections: 1
[NX Daemon Server] - 2024-10-28T18:52:46.910Z - Closed a connection. Number of open connections: 0
[NX Daemon Server] - 2024-10-28T18:52:48.109Z - Established a connection. Number of open connections: 1
[NX Daemon Server] - 2024-10-28T18:52:48.109Z - Closed a connection. Number of open connections: 0
[NX Daemon Server] - 2024-10-28T18:52:48.110Z - Established a connection. Number of open connections: 1
[NX Daemon Server] - 2024-10-28T18:52:48.111Z - [REQUEST]: Client Request for Project Graph Received
[NX Daemon Server] - 2024-10-28T18:52:48.111Z - [REQUEST]: Responding to the client. project-graph
[NX Daemon Server] - 2024-10-28T18:52:48.111Z - Time taken for 'total for creating and serializing project graph' 0.0995410000323318ms
[NX Daemon Server] - 2024-10-28T18:52:48.117Z - Done responding to the client project-graph
[NX Daemon Server] - 2024-10-28T18:52:48.117Z - Handled REQUEST_PROJECT_GRAPH. Handling time: 0. Response time: 6.
[NX Daemon Server] - 2024-10-28T18:52:48.161Z - [REQUEST]: Responding to the client. handleHashTasks
[NX Daemon Server] - 2024-10-28T18:52:48.162Z - Done responding to the client handleHashTasks
[NX Daemon Server] - 2024-10-28T18:52:48.162Z - Handled HASH_TASKS. Handling time: 13. Response time: 1.
[NX Daemon Server] - 2024-10-28T18:52:48.397Z - Established a connection. Number of open connections: 2
[NX Daemon Server] - 2024-10-28T18:52:48.398Z - Closed a connection. Number of open connections: 1
[NX Daemon Server] - 2024-10-28T18:52:48.398Z - Established a connection. Number of open connections: 2
[NX Daemon Server] - 2024-10-28T18:52:48.399Z - [REQUEST]: Client Request for Project Graph Received
[NX Daemon Server] - 2024-10-28T18:52:48.399Z - [REQUEST]: Responding to the client. project-graph
[NX Daemon Server] - 2024-10-28T18:52:48.400Z - Time taken for 'total for creating and serializing project graph' 0.11808400001609698ms
[NX Daemon Server] - 2024-10-28T18:52:48.401Z - Established a connection. Number of open connections: 3
[NX Daemon Server] - 2024-10-28T18:52:48.402Z - Closed a connection. Number of open connections: 2
[NX Daemon Server] - 2024-10-28T18:52:48.402Z - Established a connection. Number of open connections: 3
[NX Daemon Server] - 2024-10-28T18:52:48.404Z - [REQUEST]: Client Request for Project Graph Received
[NX Daemon Server] - 2024-10-28T18:52:48.404Z - [REQUEST]: Responding to the client. project-graph
[NX Daemon Server] - 2024-10-28T18:52:48.404Z - Time taken for 'total for creating and serializing project graph' 0.12937500001862645ms
[NX Daemon Server] - 2024-10-28T18:52:48.405Z - Done responding to the client project-graph
[NX Daemon Server] - 2024-10-28T18:52:48.405Z - Handled REQUEST_PROJECT_GRAPH. Handling time: 0. Response time: 6.
[NX Daemon Server] - 2024-10-28T18:52:48.408Z - Done responding to the client project-graph
[NX Daemon Server] - 2024-10-28T18:52:48.408Z - Handled REQUEST_PROJECT_GRAPH. Handling time: 0. Response time: 4.
[NX Daemon Server] - 2024-10-28T18:52:48.448Z - [REQUEST]: Responding to the client. handleHashTasks
[NX Daemon Server] - 2024-10-28T18:52:48.448Z - Done responding to the client handleHashTasks
[NX Daemon Server] - 2024-10-28T18:52:48.448Z - Handled HASH_TASKS. Handling time: 8. Response time: 0.
[NX Daemon Server] - 2024-10-28T18:52:48.456Z - [REQUEST]: Responding to the client. handleHashTasks
[NX Daemon Server] - 2024-10-28T18:52:48.457Z - Done responding to the client handleHashTasks
[NX Daemon Server] - 2024-10-28T18:52:48.457Z - Handled HASH_TASKS. Handling time: 8. Response time: 1.
[NX Daemon Server] - 2024-10-28T18:52:49.056Z - [WATCHER]: Processing file changes in outputs
[NX Daemon Server] - 2024-10-28T18:52:49.255Z - [WATCHER]: Processing file changes in outputs
[NX Daemon Server] - 2024-10-28T18:52:49.334Z - [REQUEST]: Responding to the client. recordOutputsHash
[NX Daemon Server] - 2024-10-28T18:52:49.334Z - Done responding to the client recordOutputsHash
[NX Daemon Server] - 2024-10-28T18:52:49.334Z - Handled RECORD_OUTPUTS_HASH. Handling time: 0. Response time: 0.
[NX Daemon Server] - 2024-10-28T18:52:49.632Z - Closed a connection. Number of open connections: 2
[NX Daemon Server] - 2024-10-28T18:52:49.954Z - [WATCHER]: Processing file changes in outputs
[NX Daemon Server] - 2024-10-28T18:52:52.233Z - Closed a connection. Number of open connections: 1
[NX Daemon Server] - 2024-10-28T18:52:52.234Z - Closed a connection. Number of open connections: 0
[NX Daemon Server] - 2024-10-28T18:52:54.981Z - [WATCHER]: apps/host/module-federation.config.ts was modified
[NX Daemon Server] - 2024-10-28T18:52:54.981Z - [WATCHER]: Processing file changes in outputs
[NX Daemon Server] - 2024-10-28T18:52:55.083Z - [REQUEST]: Updated workspace context based on watched changes, recomputing project graph...
[NX Daemon Server] - 2024-10-28T18:52:55.083Z - [REQUEST]: apps/host/module-federation.config.ts
[NX Daemon Server] - 2024-10-28T18:52:55.083Z - [REQUEST]: 
[NX Daemon Server] - 2024-10-28T18:52:55.085Z - Time taken for 'hash changed files from watcher' 0.11120899999514222ms
[NX Daemon Server] - 2024-10-28T18:52:55.096Z - Time taken for 'build-project-configs' 10.10920799995074ms
[NX Daemon Server] - 2024-10-28T18:52:55.121Z - [SYNC]: collect registered sync generators
[NX Daemon Server] - 2024-10-28T18:52:55.121Z - [SYNC]: project graph hash is the same, not collecting task sync generators
[NX Daemon Server] - 2024-10-28T18:52:55.121Z - [SYNC]: nx.json hash is the same, not collecting global sync generators
[NX Daemon Server] - 2024-10-28T18:52:55.121Z - Time taken for 'total execution time for createProjectGraph()' 21.706707999983337ms
[NX Daemon Server] - 2024-10-28T18:54:08.568Z - [WATCHER]: apps/host/module-federation.config.ts was modified
[NX Daemon Server] - 2024-10-28T18:54:08.568Z - [WATCHER]: Processing file changes in outputs
[NX Daemon Server] - 2024-10-28T18:54:08.770Z - [REQUEST]: Updated workspace context based on watched changes, recomputing project graph...
[NX Daemon Server] - 2024-10-28T18:54:08.770Z - [REQUEST]: apps/host/module-federation.config.ts
[NX Daemon Server] - 2024-10-28T18:54:08.770Z - [REQUEST]: 
[NX Daemon Server] - 2024-10-28T18:54:08.771Z - Time taken for 'hash changed files from watcher' 0.10562499996740371ms
[NX Daemon Server] - 2024-10-28T18:54:08.781Z - Time taken for 'build-project-configs' 9.019125000049826ms
[NX Daemon Server] - 2024-10-28T18:54:08.807Z - [SYNC]: collect registered sync generators
[NX Daemon Server] - 2024-10-28T18:54:08.807Z - [SYNC]: project graph hash is the same, not collecting task sync generators
[NX Daemon Server] - 2024-10-28T18:54:08.807Z - [SYNC]: nx.json hash is the same, not collecting global sync generators
[NX Daemon Server] - 2024-10-28T18:54:08.807Z - Time taken for 'total execution time for createProjectGraph()' 21.227167000004556ms
[NX Daemon Server] - 2024-10-28T18:54:10.425Z - Established a connection. Number of open connections: 1
[NX Daemon Server] - 2024-10-28T18:54:10.426Z - Closed a connection. Number of open connections: 0
[NX Daemon Server] - 2024-10-28T18:54:10.426Z - Established a connection. Number of open connections: 1
[NX Daemon Server] - 2024-10-28T18:54:10.428Z - [REQUEST]: Client Request for Project Graph Received
[NX Daemon Server] - 2024-10-28T18:54:10.428Z - [REQUEST]: Responding to the client. project-graph
[NX Daemon Server] - 2024-10-28T18:54:10.428Z - Time taken for 'total for creating and serializing project graph' 0.14537499996367842ms
[NX Daemon Server] - 2024-10-28T18:54:10.431Z - Done responding to the client project-graph
[NX Daemon Server] - 2024-10-28T18:54:10.431Z - Handled REQUEST_PROJECT_GRAPH. Handling time: 0. Response time: 3.
[NX Daemon Server] - 2024-10-28T18:54:10.476Z - [REQUEST]: Responding to the client. handleHashTasks
[NX Daemon Server] - 2024-10-28T18:54:10.477Z - Done responding to the client handleHashTasks
[NX Daemon Server] - 2024-10-28T18:54:10.477Z - Handled HASH_TASKS. Handling time: 13. Response time: 1.
[NX Daemon Server] - 2024-10-28T18:54:10.716Z - Established a connection. Number of open connections: 2
[NX Daemon Server] - 2024-10-28T18:54:10.716Z - Closed a connection. Number of open connections: 1
[NX Daemon Server] - 2024-10-28T18:54:10.716Z - Established a connection. Number of open connections: 2
[NX Daemon Server] - 2024-10-28T18:54:10.717Z - [REQUEST]: Client Request for Project Graph Received
[NX Daemon Server] - 2024-10-28T18:54:10.717Z - [REQUEST]: Responding to the client. project-graph
[NX Daemon Server] - 2024-10-28T18:54:10.718Z - Time taken for 'total for creating and serializing project graph' 0.10025000001769513ms
[NX Daemon Server] - 2024-10-28T18:54:10.718Z - Established a connection. Number of open connections: 3
[NX Daemon Server] - 2024-10-28T18:54:10.719Z - Closed a connection. Number of open connections: 2
[NX Daemon Server] - 2024-10-28T18:54:10.719Z - Established a connection. Number of open connections: 3
[NX Daemon Server] - 2024-10-28T18:54:10.721Z - [REQUEST]: Client Request for Project Graph Received
[NX Daemon Server] - 2024-10-28T18:54:10.721Z - [REQUEST]: Responding to the client. project-graph
[NX Daemon Server] - 2024-10-28T18:54:10.721Z - Time taken for 'total for creating and serializing project graph' 0.1203329999698326ms
[NX Daemon Server] - 2024-10-28T18:54:10.724Z - Done responding to the client project-graph
[NX Daemon Server] - 2024-10-28T18:54:10.724Z - Handled REQUEST_PROJECT_GRAPH. Handling time: 0. Response time: 7.
[NX Daemon Server] - 2024-10-28T18:54:10.725Z - Done responding to the client project-graph
[NX Daemon Server] - 2024-10-28T18:54:10.725Z - Handled REQUEST_PROJECT_GRAPH. Handling time: 0. Response time: 4.
[NX Daemon Server] - 2024-10-28T18:54:10.768Z - [REQUEST]: Responding to the client. handleHashTasks
[NX Daemon Server] - 2024-10-28T18:54:10.768Z - Done responding to the client handleHashTasks
[NX Daemon Server] - 2024-10-28T18:54:10.768Z - Handled HASH_TASKS. Handling time: 7. Response time: 0.
[NX Daemon Server] - 2024-10-28T18:54:10.777Z - [REQUEST]: Responding to the client. handleHashTasks
[NX Daemon Server] - 2024-10-28T18:54:10.777Z - Done responding to the client handleHashTasks
[NX Daemon Server] - 2024-10-28T18:54:10.777Z - Handled HASH_TASKS. Handling time: 8. Response time: 0.
[NX Daemon Server] - 2024-10-28T18:54:11.368Z - [WATCHER]: Processing file changes in outputs
[NX Daemon Server] - 2024-10-28T18:54:11.568Z - [WATCHER]: Processing file changes in outputs
[NX Daemon Server] - 2024-10-28T18:54:12.243Z - [WATCHER]: Processing file changes in outputs
[NX Daemon Server] - 2024-10-28T18:54:21.518Z - Closed a connection. Number of open connections: 2
[NX Daemon Server] - 2024-10-28T18:54:21.519Z - Closed a connection. Number of open connections: 1
[NX Daemon Server] - 2024-10-28T18:54:21.525Z - Closed a connection. Number of open connections: 0
[NX Daemon Server] - 2024-10-28T18:54:28.681Z - [WATCHER]: Processing file changes in outputs
[NX Daemon Server] - 2024-10-28T18:54:28.682Z - [WATCHER]: apps/host/module-federation.config.ts was modified
[NX Daemon Server] - 2024-10-28T18:54:28.783Z - [REQUEST]: Updated workspace context based on watched changes, recomputing project graph...
[NX Daemon Server] - 2024-10-28T18:54:28.784Z - [REQUEST]: apps/host/module-federation.config.ts
[NX Daemon Server] - 2024-10-28T18:54:28.784Z - [REQUEST]: 
[NX Daemon Server] - 2024-10-28T18:54:28.785Z - Time taken for 'hash changed files from watcher' 0.11074999999254942ms
[NX Daemon Server] - 2024-10-28T18:54:28.796Z - Time taken for 'build-project-configs' 9.538332999974955ms
[NX Daemon Server] - 2024-10-28T18:54:28.820Z - [SYNC]: collect registered sync generators
[NX Daemon Server] - 2024-10-28T18:54:28.820Z - [SYNC]: project graph hash is the same, not collecting task sync generators
[NX Daemon Server] - 2024-10-28T18:54:28.820Z - [SYNC]: nx.json hash is the same, not collecting global sync generators
[NX Daemon Server] - 2024-10-28T18:54:28.820Z - Time taken for 'total execution time for createProjectGraph()' 20.894874999998137ms
[NX Daemon Server] - 2024-10-28T18:55:36.838Z - [WATCHER]: package.json was modified
[NX Daemon Server] - 2024-10-28T18:55:36.838Z - [WATCHER]: Processing file changes in outputs
[NX Daemon Server] - 2024-10-28T18:55:37.039Z - [REQUEST]: Updated workspace context based on watched changes, recomputing project graph...
[NX Daemon Server] - 2024-10-28T18:55:37.039Z - [REQUEST]: package.json
[NX Daemon Server] - 2024-10-28T18:55:37.039Z - [REQUEST]: 
[NX Daemon Server] - 2024-10-28T18:55:37.041Z - Time taken for 'hash changed files from watcher' 0.11583299998892471ms
[NX Daemon Server] - 2024-10-28T18:55:37.058Z - Time taken for 'build-project-configs' 15.208374999987427ms
[NX Daemon Server] - 2024-10-28T18:55:37.080Z - [SYNC]: collect registered sync generators
[NX Daemon Server] - 2024-10-28T18:55:37.081Z - [SYNC]: project graph hash is the same, not collecting task sync generators
[NX Daemon Server] - 2024-10-28T18:55:37.081Z - [SYNC]: nx.json hash is the same, not collecting global sync generators
[NX Daemon Server] - 2024-10-28T18:55:37.081Z - Time taken for 'total execution time for createProjectGraph()' 18.489250000042375ms
[NX Daemon Server] - 2024-10-28T18:55:39.630Z - Established a connection. Number of open connections: 1
[NX Daemon Server] - 2024-10-28T18:55:39.630Z - Closed a connection. Number of open connections: 0
[NX Daemon Server] - 2024-10-28T18:55:39.631Z - Established a connection. Number of open connections: 1
[NX Daemon Server] - 2024-10-28T18:55:39.632Z - [REQUEST]: Client Request for Project Graph Received
[NX Daemon Server] - 2024-10-28T18:55:39.632Z - [REQUEST]: Responding to the client. project-graph
[NX Daemon Server] - 2024-10-28T18:55:39.632Z - Time taken for 'total for creating and serializing project graph' 0.10712499998044223ms
[NX Daemon Server] - 2024-10-28T18:55:39.637Z - Done responding to the client project-graph
[NX Daemon Server] - 2024-10-28T18:55:39.637Z - Handled REQUEST_PROJECT_GRAPH. Handling time: 0. Response time: 5.
[NX Daemon Server] - 2024-10-28T18:55:39.685Z - [REQUEST]: Responding to the client. handleHashTasks
[NX Daemon Server] - 2024-10-28T18:55:39.686Z - Done responding to the client handleHashTasks
[NX Daemon Server] - 2024-10-28T18:55:39.686Z - Handled HASH_TASKS. Handling time: 17. Response time: 1.
[NX Daemon Server] - 2024-10-28T18:55:39.958Z - Established a connection. Number of open connections: 2
[NX Daemon Server] - 2024-10-28T18:55:39.959Z - Closed a connection. Number of open connections: 1
[NX Daemon Server] - 2024-10-28T18:55:39.959Z - Established a connection. Number of open connections: 2
[NX Daemon Server] - 2024-10-28T18:55:39.960Z - Established a connection. Number of open connections: 3
[NX Daemon Server] - 2024-10-28T18:55:39.961Z - Closed a connection. Number of open connections: 2
[NX Daemon Server] - 2024-10-28T18:55:39.961Z - [REQUEST]: Client Request for Project Graph Received
[NX Daemon Server] - 2024-10-28T18:55:39.962Z - [REQUEST]: Responding to the client. project-graph
[NX Daemon Server] - 2024-10-28T18:55:39.962Z - Time taken for 'total for creating and serializing project graph' 0.17987499991431832ms
[NX Daemon Server] - 2024-10-28T18:55:39.962Z - Established a connection. Number of open connections: 3
[NX Daemon Server] - 2024-10-28T18:55:39.962Z - [REQUEST]: Client Request for Project Graph Received
[NX Daemon Server] - 2024-10-28T18:55:39.963Z - [REQUEST]: Responding to the client. project-graph
[NX Daemon Server] - 2024-10-28T18:55:39.964Z - Time taken for 'total for creating and serializing project graph' 0.12516699999105185ms
[NX Daemon Server] - 2024-10-28T18:55:39.971Z - Done responding to the client project-graph
[NX Daemon Server] - 2024-10-28T18:55:39.971Z - Handled REQUEST_PROJECT_GRAPH. Handling time: 1. Response time: 8.
[NX Daemon Server] - 2024-10-28T18:55:39.972Z - Done responding to the client project-graph
[NX Daemon Server] - 2024-10-28T18:55:39.972Z - Handled REQUEST_PROJECT_GRAPH. Handling time: 1. Response time: 10.
[NX Daemon Server] - 2024-10-28T18:55:40.020Z - [REQUEST]: Responding to the client. handleHashTasks
[NX Daemon Server] - 2024-10-28T18:55:40.021Z - Done responding to the client handleHashTasks
[NX Daemon Server] - 2024-10-28T18:55:40.021Z - Handled HASH_TASKS. Handling time: 8. Response time: 1.
[NX Daemon Server] - 2024-10-28T18:55:40.030Z - [REQUEST]: Responding to the client. handleHashTasks
[NX Daemon Server] - 2024-10-28T18:55:40.030Z - Done responding to the client handleHashTasks
[NX Daemon Server] - 2024-10-28T18:55:40.030Z - Handled HASH_TASKS. Handling time: 9. Response time: 0.
[NX Daemon Server] - 2024-10-28T18:55:40.670Z - [WATCHER]: Processing file changes in outputs
[NX Daemon Server] - 2024-10-28T18:55:40.959Z - [WATCHER]: Processing file changes in outputs
[NX Daemon Server] - 2024-10-28T18:55:41.512Z - [REQUEST]: Responding to the client. recordOutputsHash
[NX Daemon Server] - 2024-10-28T18:55:41.512Z - Done responding to the client recordOutputsHash
[NX Daemon Server] - 2024-10-28T18:55:41.512Z - Handled RECORD_OUTPUTS_HASH. Handling time: 0. Response time: 0.
[NX Daemon Server] - 2024-10-28T18:55:41.770Z - [WATCHER]: Processing file changes in outputs
[NX Daemon Server] - 2024-10-28T18:55:41.805Z - Closed a connection. Number of open connections: 2
[NX Daemon Server] - 2024-10-28T18:55:42.323Z - [WATCHER]: Processing file changes in outputs
[NX Daemon Server] - 2024-10-28T18:55:42.377Z - [WATCHER]: Processing file changes in outputs
[NX Daemon Server] - 2024-10-28T18:55:42.472Z - [WATCHER]: Processing file changes in outputs
[NX Daemon Server] - 2024-10-28T18:55:42.528Z - [WATCHER]: Processing file changes in outputs
[NX Daemon Server] - 2024-10-28T18:55:42.588Z - [WATCHER]: Processing file changes in outputs
[NX Daemon Server] - 2024-10-28T18:55:43.507Z - [WATCHER]: Processing file changes in outputs
[NX Daemon Server] - 2024-10-28T18:56:17.445Z - [WATCHER]: apps/host/src/app/features/Navbar/components/Navbar.tsx was modified
[NX Daemon Server] - 2024-10-28T18:56:17.445Z - [WATCHER]: Processing file changes in outputs
[NX Daemon Server] - 2024-10-28T18:56:17.547Z - [REQUEST]: Updated workspace context based on watched changes, recomputing project graph...
[NX Daemon Server] - 2024-10-28T18:56:17.547Z - [REQUEST]: apps/host/src/app/features/Navbar/components/Navbar.tsx
[NX Daemon Server] - 2024-10-28T18:56:17.547Z - [REQUEST]: 
[NX Daemon Server] - 2024-10-28T18:56:17.548Z - Time taken for 'hash changed files from watcher' 0.1174170000012964ms
[NX Daemon Server] - 2024-10-28T18:56:17.566Z - Time taken for 'build-project-configs' 15.99854200007394ms
[NX Daemon Server] - 2024-10-28T18:56:17.593Z - [SYNC]: collect registered sync generators
[NX Daemon Server] - 2024-10-28T18:56:17.593Z - [SYNC]: project graph hash is the same, not collecting task sync generators
[NX Daemon Server] - 2024-10-28T18:56:17.593Z - [SYNC]: nx.json hash is the same, not collecting global sync generators
[NX Daemon Server] - 2024-10-28T18:56:17.594Z - Time taken for 'total execution time for createProjectGraph()' 22.978457999997772ms
[NX Daemon Server] - 2024-10-28T18:56:30.998Z - [WATCHER]: apps/host/src/app/App.tsx was modified
[NX Daemon Server] - 2024-10-28T18:56:30.998Z - [WATCHER]: Processing file changes in outputs
[NX Daemon Server] - 2024-10-28T18:56:31.199Z - [REQUEST]: Updated workspace context based on watched changes, recomputing project graph...
[NX Daemon Server] - 2024-10-28T18:56:31.199Z - [REQUEST]: apps/host/src/app/App.tsx
[NX Daemon Server] - 2024-10-28T18:56:31.199Z - [REQUEST]: 
[NX Daemon Server] - 2024-10-28T18:56:31.201Z - Time taken for 'hash changed files from watcher' 0.10304199997335672ms
[NX Daemon Server] - 2024-10-28T18:56:31.218Z - Time taken for 'build-project-configs' 15.802249999949709ms
[NX Daemon Server] - 2024-10-28T18:56:31.242Z - [SYNC]: collect registered sync generators
[NX Daemon Server] - 2024-10-28T18:56:31.242Z - [SYNC]: project graph hash is the same, not collecting task sync generators
[NX Daemon Server] - 2024-10-28T18:56:31.242Z - [SYNC]: nx.json hash is the same, not collecting global sync generators
[NX Daemon Server] - 2024-10-28T18:56:31.242Z - Time taken for 'total execution time for createProjectGraph()' 19.953292000107467ms
[NX Daemon Server] - 2024-10-28T18:56:40.100Z - [WATCHER]: apps/host/src/app/features/Products/components/Favorites.tsx was deleted
[NX Daemon Server] - 2024-10-28T18:56:40.100Z - [WATCHER]: Processing file changes in outputs
[NX Daemon Server] - 2024-10-28T18:56:40.502Z - [REQUEST]: Updated workspace context based on watched changes, recomputing project graph...
[NX Daemon Server] - 2024-10-28T18:56:40.502Z - [REQUEST]: 
[NX Daemon Server] - 2024-10-28T18:56:40.502Z - [REQUEST]: apps/host/src/app/features/Products/components/Favorites.tsx
[NX Daemon Server] - 2024-10-28T18:56:40.503Z - Time taken for 'hash changed files from watcher' 0.07854200003203005ms
[NX Daemon Server] - 2024-10-28T18:56:40.520Z - Time taken for 'build-project-configs' 15.123499999986961ms
[NX Daemon Server] - 2024-10-28T18:56:40.540Z - [SYNC]: collect registered sync generators
[NX Daemon Server] - 2024-10-28T18:56:40.540Z - [SYNC]: project graph hash is the same, not collecting task sync generators
[NX Daemon Server] - 2024-10-28T18:56:40.540Z - [SYNC]: nx.json hash is the same, not collecting global sync generators
[NX Daemon Server] - 2024-10-28T18:56:40.540Z - Time taken for 'total execution time for createProjectGraph()' 15.96820799994748ms
[NX Daemon Server] - 2024-10-28T18:56:43.802Z - [WATCHER]: apps/host/src/app/features/Products/components/cartButtonAnimation.css was deleted
[NX Daemon Server] - 2024-10-28T18:56:43.802Z - [WATCHER]: Processing file changes in outputs
[NX Daemon Server] - 2024-10-28T18:56:44.603Z - [REQUEST]: Updated workspace context based on watched changes, recomputing project graph...
[NX Daemon Server] - 2024-10-28T18:56:44.603Z - [REQUEST]: 
[NX Daemon Server] - 2024-10-28T18:56:44.603Z - [REQUEST]: apps/host/src/app/features/Products/components/cartButtonAnimation.css
[NX Daemon Server] - 2024-10-28T18:56:44.605Z - Time taken for 'hash changed files from watcher' 0.07491700001992285ms
[NX Daemon Server] - 2024-10-28T18:56:44.622Z - Time taken for 'build-project-configs' 15.907332999981008ms
[NX Daemon Server] - 2024-10-28T18:56:44.641Z - [SYNC]: collect registered sync generators
[NX Daemon Server] - 2024-10-28T18:56:44.641Z - [SYNC]: project graph hash is the same, not collecting task sync generators
[NX Daemon Server] - 2024-10-28T18:56:44.641Z - [SYNC]: nx.json hash is the same, not collecting global sync generators
[NX Daemon Server] - 2024-10-28T18:56:44.641Z - Time taken for 'total execution time for createProjectGraph()' 14.593958000070415ms
[NX Daemon Server] - 2024-10-28T18:56:46.885Z - [WATCHER]: apps/host/src/app/features/Products/hooks/useFavorites.ts was deleted
[NX Daemon Server] - 2024-10-28T18:56:46.885Z - [WATCHER]: Processing file changes in outputs
[NX Daemon Server] - 2024-10-28T18:56:48.486Z - [REQUEST]: Updated workspace context based on watched changes, recomputing project graph...
[NX Daemon Server] - 2024-10-28T18:56:48.486Z - [REQUEST]: 
[NX Daemon Server] - 2024-10-28T18:56:48.486Z - [REQUEST]: apps/host/src/app/features/Products/hooks/useFavorites.ts
[NX Daemon Server] - 2024-10-28T18:56:48.488Z - Time taken for 'hash changed files from watcher' 0.08387499989476055ms
[NX Daemon Server] - 2024-10-28T18:56:48.498Z - Time taken for 'build-project-configs' 8.108375000068918ms
[NX Daemon Server] - 2024-10-28T18:56:48.523Z - [SYNC]: collect registered sync generators
[NX Daemon Server] - 2024-10-28T18:56:48.523Z - [SYNC]: project graph hash is the same, not collecting task sync generators
[NX Daemon Server] - 2024-10-28T18:56:48.523Z - [SYNC]: nx.json hash is the same, not collecting global sync generators
[NX Daemon Server] - 2024-10-28T18:56:48.523Z - Time taken for 'total execution time for createProjectGraph()' 23.05466600006912ms
[NX Daemon Server] - 2024-10-28T18:56:51.819Z - Closed a connection. Number of open connections: 1
[NX Daemon Server] - 2024-10-28T18:56:51.827Z - Closed a connection. Number of open connections: 0
[NX Daemon Server] - 2024-10-28T18:57:53.479Z - Established a connection. Number of open connections: 1
[NX Daemon Server] - 2024-10-28T18:57:53.480Z - Closed a connection. Number of open connections: 0
[NX Daemon Server] - 2024-10-28T18:57:53.480Z - Established a connection. Number of open connections: 1
[NX Daemon Server] - 2024-10-28T18:57:53.481Z - [REQUEST]: Client Request for Project Graph Received
[NX Daemon Server] - 2024-10-28T18:57:53.481Z - [REQUEST]: Responding to the client. project-graph
[NX Daemon Server] - 2024-10-28T18:57:53.482Z - Time taken for 'total for creating and serializing project graph' 0.15070799994282424ms
[NX Daemon Server] - 2024-10-28T18:57:53.485Z - Done responding to the client project-graph
[NX Daemon Server] - 2024-10-28T18:57:53.485Z - Handled REQUEST_PROJECT_GRAPH. Handling time: 0. Response time: 4.
[NX Daemon Server] - 2024-10-28T18:57:53.529Z - [REQUEST]: Responding to the client. handleHashTasks
[NX Daemon Server] - 2024-10-28T18:57:53.529Z - Done responding to the client handleHashTasks
[NX Daemon Server] - 2024-10-28T18:57:53.529Z - Handled HASH_TASKS. Handling time: 12. Response time: 0.
[NX Daemon Server] - 2024-10-28T18:57:55.769Z - [WATCHER]: Processing file changes in outputs
[NX Daemon Server] - 2024-10-28T18:57:55.978Z - [WATCHER]: Processing file changes in outputs
[NX Daemon Server] - 2024-10-28T18:57:56.561Z - [WATCHER]: Processing file changes in outputs
[NX Daemon Server] - 2024-10-28T18:57:56.575Z - [REQUEST]: Responding to the client. recordOutputsHash
[NX Daemon Server] - 2024-10-28T18:57:56.575Z - Done responding to the client recordOutputsHash
[NX Daemon Server] - 2024-10-28T18:57:56.575Z - Handled RECORD_OUTPUTS_HASH. Handling time: 2. Response time: 0.
[NX Daemon Server] - 2024-10-28T18:57:56.630Z - [WATCHER]: Processing file changes in outputs
[NX Daemon Server] - 2024-10-28T18:57:56.700Z - [REQUEST]: Responding to the client. PROCESS_IN_BACKGROUND
[NX Daemon Server] - 2024-10-28T18:57:56.701Z - Done responding to the client PROCESS_IN_BACKGROUND
[NX Daemon Server] - 2024-10-28T18:57:56.701Z - Handled PROCESS_IN_BACKGROUND. Handling time: 63. Response time: 1.
[NX Daemon Server] - 2024-10-28T18:57:56.702Z - Uploading file artifacts
[NX Daemon Server] - 2024-10-28T18:57:56.702Z - Done uploading file artifacts
[NX Daemon Server] - 2024-10-28T18:57:56.702Z - Sending EndRun request
[NX Daemon Server] - 2024-10-28T18:57:56.951Z - Closed a connection. Number of open connections: 0
[NX Daemon Server] - 2024-10-28T18:57:58.697Z - Error when sending EndRun
Error: This workspace is more than three days old and is not connected. Workspaces must be connected within 3 days of creation. Claim your workspace at https://cloud.nx.app
    at Timeout._onTimeout (/Users/rcanfield/Projects/squadron-test/zephyr-demo/.nx/cache/cloud/2410.25.5/lib/daemon/process-run-end.js:32:8976)
    at process.processTicksAndRejections (node:internal/process/task_queues:95:5)
[NX Daemon Server] - 2024-10-28T18:58:19.001Z - Established a connection. Number of open connections: 1
[NX Daemon Server] - 2024-10-28T18:58:19.001Z - Closed a connection. Number of open connections: 0
[NX Daemon Server] - 2024-10-28T18:58:19.001Z - Established a connection. Number of open connections: 1
[NX Daemon Server] - 2024-10-28T18:58:19.003Z - [REQUEST]: Client Request for Project Graph Received
[NX Daemon Server] - 2024-10-28T18:58:19.003Z - [REQUEST]: Responding to the client. project-graph
[NX Daemon Server] - 2024-10-28T18:58:19.003Z - Time taken for 'total for creating and serializing project graph' 0.15883400000166148ms
[NX Daemon Server] - 2024-10-28T18:58:19.006Z - Done responding to the client project-graph
[NX Daemon Server] - 2024-10-28T18:58:19.006Z - Handled REQUEST_PROJECT_GRAPH. Handling time: 0. Response time: 3.
[NX Daemon Server] - 2024-10-28T18:58:19.046Z - [REQUEST]: Responding to the client. handleHashTasks
[NX Daemon Server] - 2024-10-28T18:58:19.046Z - Done responding to the client handleHashTasks
[NX Daemon Server] - 2024-10-28T18:58:19.046Z - Handled HASH_TASKS. Handling time: 8. Response time: 0.
[NX Daemon Server] - 2024-10-28T18:58:19.680Z - [WATCHER]: Processing file changes in outputs
[NX Daemon Server] - 2024-10-28T18:58:19.887Z - [WATCHER]: Processing file changes in outputs
[NX Daemon Server] - 2024-10-28T18:58:20.519Z - [WATCHER]: Processing file changes in outputs
[NX Daemon Server] - 2024-10-28T18:59:15.770Z - [WATCHER]: packages/components/package.json was modified
[NX Daemon Server] - 2024-10-28T18:59:15.770Z - [WATCHER]: Processing file changes in outputs
[NX Daemon Server] - 2024-10-28T18:59:15.871Z - [REQUEST]: Updated workspace context based on watched changes, recomputing project graph...
[NX Daemon Server] - 2024-10-28T18:59:15.871Z - [REQUEST]: packages/components/package.json
[NX Daemon Server] - 2024-10-28T18:59:15.871Z - [REQUEST]: 
[NX Daemon Server] - 2024-10-28T18:59:15.872Z - Time taken for 'hash changed files from watcher' 0.11120799998752773ms
[NX Daemon Server] - 2024-10-28T18:59:15.884Z - Time taken for 'build-project-configs' 9.722375000012107ms
[NX Daemon Server] - 2024-10-28T18:59:15.909Z - [SYNC]: collect registered sync generators
[NX Daemon Server] - 2024-10-28T18:59:15.909Z - [SYNC]: project graph hash is the same, not collecting task sync generators
[NX Daemon Server] - 2024-10-28T18:59:15.909Z - [SYNC]: nx.json hash is the same, not collecting global sync generators
[NX Daemon Server] - 2024-10-28T18:59:15.909Z - Time taken for 'total execution time for createProjectGraph()' 21.093957999954ms
[NX Daemon Server] - 2024-10-28T18:59:16.385Z - [WATCHER]: Processing file changes in outputs
[NX Daemon Server] - 2024-10-28T18:59:17.521Z - Closed a connection. Number of open connections: 0
[NX Daemon Server] - 2024-10-28T18:59:26.827Z - [WATCHER]: packages/components/rslib.config.ts was modified
[NX Daemon Server] - 2024-10-28T18:59:26.827Z - [WATCHER]: Processing file changes in outputs
[NX Daemon Server] - 2024-10-28T18:59:27.028Z - [REQUEST]: Updated workspace context based on watched changes, recomputing project graph...
[NX Daemon Server] - 2024-10-28T18:59:27.028Z - [REQUEST]: packages/components/rslib.config.ts
[NX Daemon Server] - 2024-10-28T18:59:27.028Z - [REQUEST]: 
[NX Daemon Server] - 2024-10-28T18:59:27.030Z - Time taken for 'hash changed files from watcher' 0.1363330000312999ms
[NX Daemon Server] - 2024-10-28T18:59:27.042Z - Time taken for 'build-project-configs' 9.82258300005924ms
[NX Daemon Server] - 2024-10-28T18:59:27.088Z - [SYNC]: collect registered sync generators
[NX Daemon Server] - 2024-10-28T18:59:27.088Z - [SYNC]: project graph hash is the same, not collecting task sync generators
[NX Daemon Server] - 2024-10-28T18:59:27.088Z - [SYNC]: nx.json hash is the same, not collecting global sync generators
[NX Daemon Server] - 2024-10-28T18:59:27.088Z - Time taken for 'total execution time for createProjectGraph()' 42.913167000049725ms
[NX Daemon Server] - 2024-10-28T18:59:34.912Z - [WATCHER]: packages/components/package.json was modified
[NX Daemon Server] - 2024-10-28T18:59:34.912Z - [WATCHER]: Processing file changes in outputs
[NX Daemon Server] - 2024-10-28T18:59:35.314Z - [REQUEST]: Updated workspace context based on watched changes, recomputing project graph...
[NX Daemon Server] - 2024-10-28T18:59:35.314Z - [REQUEST]: packages/components/package.json
[NX Daemon Server] - 2024-10-28T18:59:35.314Z - [REQUEST]: 
[NX Daemon Server] - 2024-10-28T18:59:35.316Z - Time taken for 'hash changed files from watcher' 0.11583299993071705ms
[NX Daemon Server] - 2024-10-28T18:59:35.332Z - Time taken for 'build-project-configs' 14.608958999975584ms
[NX Daemon Server] - 2024-10-28T18:59:35.356Z - [SYNC]: collect registered sync generators
[NX Daemon Server] - 2024-10-28T18:59:35.356Z - [SYNC]: project graph hash is the same, not collecting task sync generators
[NX Daemon Server] - 2024-10-28T18:59:35.356Z - [SYNC]: nx.json hash is the same, not collecting global sync generators
[NX Daemon Server] - 2024-10-28T18:59:35.356Z - Time taken for 'total execution time for createProjectGraph()' 19.667041999986395ms
[NX Daemon Server] - 2024-10-28T18:59:39.422Z - Established a connection. Number of open connections: 1
[NX Daemon Server] - 2024-10-28T18:59:39.423Z - Closed a connection. Number of open connections: 0
[NX Daemon Server] - 2024-10-28T18:59:39.423Z - Established a connection. Number of open connections: 1
[NX Daemon Server] - 2024-10-28T18:59:39.424Z - [REQUEST]: Client Request for Project Graph Received
[NX Daemon Server] - 2024-10-28T18:59:39.424Z - [REQUEST]: Responding to the client. project-graph
[NX Daemon Server] - 2024-10-28T18:59:39.425Z - Time taken for 'total for creating and serializing project graph' 0.1668749999953434ms
[NX Daemon Server] - 2024-10-28T18:59:39.428Z - Done responding to the client project-graph
[NX Daemon Server] - 2024-10-28T18:59:39.428Z - Handled REQUEST_PROJECT_GRAPH. Handling time: 0. Response time: 4.
[NX Daemon Server] - 2024-10-28T18:59:39.487Z - [REQUEST]: Responding to the client. handleHashTasks
[NX Daemon Server] - 2024-10-28T18:59:39.487Z - Done responding to the client handleHashTasks
[NX Daemon Server] - 2024-10-28T18:59:39.487Z - Handled HASH_TASKS. Handling time: 13. Response time: 0.
[NX Daemon Server] - 2024-10-28T18:59:45.046Z - [WATCHER]: Processing file changes in outputs
[NX Daemon Server] - 2024-10-28T18:59:45.237Z - [WATCHER]: Processing file changes in outputs
[NX Daemon Server] - 2024-10-28T18:59:45.769Z - [REQUEST]: Responding to the client. recordOutputsHash
[NX Daemon Server] - 2024-10-28T18:59:45.770Z - Done responding to the client recordOutputsHash
[NX Daemon Server] - 2024-10-28T18:59:45.770Z - Handled RECORD_OUTPUTS_HASH. Handling time: 3. Response time: 1.
[NX Daemon Server] - 2024-10-28T18:59:45.773Z - [WATCHER]: Processing file changes in outputs
[NX Daemon Server] - 2024-10-28T18:59:45.851Z - [REQUEST]: Responding to the client. PROCESS_IN_BACKGROUND
[NX Daemon Server] - 2024-10-28T18:59:45.851Z - Done responding to the client PROCESS_IN_BACKGROUND
[NX Daemon Server] - 2024-10-28T18:59:45.851Z - Handled PROCESS_IN_BACKGROUND. Handling time: 20. Response time: 0.
[NX Daemon Server] - 2024-10-28T18:59:45.851Z - [WATCHER]: Processing file changes in outputs
[NX Daemon Server] - 2024-10-28T18:59:45.851Z - Uploading file artifacts
[NX Daemon Server] - 2024-10-28T18:59:45.852Z - Done uploading file artifacts
[NX Daemon Server] - 2024-10-28T18:59:45.852Z - Sending EndRun request
[NX Daemon Server] - 2024-10-28T18:59:46.088Z - Closed a connection. Number of open connections: 0
[NX Daemon Server] - 2024-10-28T18:59:49.999Z - Error when sending EndRun
Error: This workspace is more than three days old and is not connected. Workspaces must be connected within 3 days of creation. Claim your workspace at https://cloud.nx.app
    at Timeout._onTimeout (/Users/rcanfield/Projects/squadron-test/zephyr-demo/.nx/cache/cloud/2410.25.5/lib/daemon/process-run-end.js:32:8976)
    at process.processTicksAndRejections (node:internal/process/task_queues:95:5)
[NX Daemon Server] - 2024-10-28T19:00:29.140Z - [WATCHER]: packages/components/rslib.config.ts was modified
[NX Daemon Server] - 2024-10-28T19:00:29.141Z - [WATCHER]: Processing file changes in outputs
[NX Daemon Server] - 2024-10-28T19:00:29.242Z - [REQUEST]: Updated workspace context based on watched changes, recomputing project graph...
[NX Daemon Server] - 2024-10-28T19:00:29.242Z - [REQUEST]: packages/components/rslib.config.ts
[NX Daemon Server] - 2024-10-28T19:00:29.242Z - [REQUEST]: 
[NX Daemon Server] - 2024-10-28T19:00:29.244Z - Time taken for 'hash changed files from watcher' 0.1096250000409782ms
[NX Daemon Server] - 2024-10-28T19:00:29.253Z - Time taken for 'build-project-configs' 8.682708000065759ms
[NX Daemon Server] - 2024-10-28T19:00:29.275Z - [SYNC]: collect registered sync generators
[NX Daemon Server] - 2024-10-28T19:00:29.275Z - [SYNC]: project graph hash is the same, not collecting task sync generators
[NX Daemon Server] - 2024-10-28T19:00:29.275Z - [SYNC]: nx.json hash is the same, not collecting global sync generators
[NX Daemon Server] - 2024-10-28T19:00:29.275Z - Time taken for 'total execution time for createProjectGraph()' 18.437291000038385ms
[NX Daemon Server] - 2024-10-28T19:00:30.564Z - Established a connection. Number of open connections: 1
[NX Daemon Server] - 2024-10-28T19:00:30.565Z - Closed a connection. Number of open connections: 0
[NX Daemon Server] - 2024-10-28T19:00:30.565Z - Established a connection. Number of open connections: 1
[NX Daemon Server] - 2024-10-28T19:00:30.566Z - [REQUEST]: Client Request for Project Graph Received
[NX Daemon Server] - 2024-10-28T19:00:30.566Z - [REQUEST]: Responding to the client. project-graph
[NX Daemon Server] - 2024-10-28T19:00:30.567Z - Time taken for 'total for creating and serializing project graph' 0.13512500002980232ms
[NX Daemon Server] - 2024-10-28T19:00:30.570Z - Done responding to the client project-graph
[NX Daemon Server] - 2024-10-28T19:00:30.570Z - Handled REQUEST_PROJECT_GRAPH. Handling time: 0. Response time: 4.
[NX Daemon Server] - 2024-10-28T19:00:30.614Z - [REQUEST]: Responding to the client. handleHashTasks
[NX Daemon Server] - 2024-10-28T19:00:30.614Z - Done responding to the client handleHashTasks
[NX Daemon Server] - 2024-10-28T19:00:30.614Z - Handled HASH_TASKS. Handling time: 13. Response time: 0.
[NX Daemon Server] - 2024-10-28T19:00:34.737Z - Closed a connection. Number of open connections: 0
[NX Daemon Server] - 2024-10-28T19:00:38.282Z - [WATCHER]: Processing file changes in outputs
[NX Daemon Server] - 2024-10-28T19:00:39.606Z - Established a connection. Number of open connections: 1
[NX Daemon Server] - 2024-10-28T19:00:39.607Z - Closed a connection. Number of open connections: 0
[NX Daemon Server] - 2024-10-28T19:00:39.607Z - Established a connection. Number of open connections: 1
[NX Daemon Server] - 2024-10-28T19:00:39.609Z - [REQUEST]: Client Request for Project Graph Received
[NX Daemon Server] - 2024-10-28T19:00:39.609Z - [REQUEST]: Responding to the client. project-graph
[NX Daemon Server] - 2024-10-28T19:00:39.609Z - Time taken for 'total for creating and serializing project graph' 0.13333300000522286ms
[NX Daemon Server] - 2024-10-28T19:00:39.612Z - Done responding to the client project-graph
[NX Daemon Server] - 2024-10-28T19:00:39.612Z - Handled REQUEST_PROJECT_GRAPH. Handling time: 0. Response time: 3.
[NX Daemon Server] - 2024-10-28T19:00:39.651Z - [REQUEST]: Responding to the client. handleHashTasks
[NX Daemon Server] - 2024-10-28T19:00:39.652Z - Done responding to the client handleHashTasks
[NX Daemon Server] - 2024-10-28T19:00:39.652Z - Handled HASH_TASKS. Handling time: 7. Response time: 1.
[NX Daemon Server] - 2024-10-28T19:00:45.396Z - [WATCHER]: Processing file changes in outputs
[NX Daemon Server] - 2024-10-28T19:00:45.966Z - [REQUEST]: Responding to the client. recordOutputsHash
[NX Daemon Server] - 2024-10-28T19:00:45.966Z - Done responding to the client recordOutputsHash
[NX Daemon Server] - 2024-10-28T19:00:45.966Z - Handled RECORD_OUTPUTS_HASH. Handling time: 3. Response time: 0.
[NX Daemon Server] - 2024-10-28T19:00:45.970Z - [WATCHER]: Processing file changes in outputs
[NX Daemon Server] - 2024-10-28T19:00:46.044Z - [REQUEST]: Responding to the client. PROCESS_IN_BACKGROUND
[NX Daemon Server] - 2024-10-28T19:00:46.044Z - Done responding to the client PROCESS_IN_BACKGROUND
[NX Daemon Server] - 2024-10-28T19:00:46.044Z - Handled PROCESS_IN_BACKGROUND. Handling time: 21. Response time: 0.
[NX Daemon Server] - 2024-10-28T19:00:46.044Z - Uploading file artifacts
[NX Daemon Server] - 2024-10-28T19:00:46.044Z - Done uploading file artifacts
[NX Daemon Server] - 2024-10-28T19:00:46.044Z - Sending EndRun request
[NX Daemon Server] - 2024-10-28T19:00:46.045Z - [WATCHER]: Processing file changes in outputs
[NX Daemon Server] - 2024-10-28T19:00:46.282Z - Closed a connection. Number of open connections: 0
[NX Daemon Server] - 2024-10-28T19:00:48.853Z - Error when sending EndRun
Error: This workspace is more than three days old and is not connected. Workspaces must be connected within 3 days of creation. Claim your workspace at https://cloud.nx.app
    at Timeout._onTimeout (/Users/rcanfield/Projects/squadron-test/zephyr-demo/.nx/cache/cloud/2410.25.5/lib/daemon/process-run-end.js:32:8976)
    at process.processTicksAndRejections (node:internal/process/task_queues:95:5)
[NX Daemon Server] - 2024-10-28T19:00:55.064Z - [WATCHER]: packages/components/rslib.config.ts was modified
[NX Daemon Server] - 2024-10-28T19:00:55.064Z - [WATCHER]: Processing file changes in outputs
[NX Daemon Server] - 2024-10-28T19:00:55.164Z - [REQUEST]: Updated workspace context based on watched changes, recomputing project graph...
[NX Daemon Server] - 2024-10-28T19:00:55.165Z - [REQUEST]: packages/components/rslib.config.ts
[NX Daemon Server] - 2024-10-28T19:00:55.165Z - [REQUEST]: 
[NX Daemon Server] - 2024-10-28T19:00:55.166Z - Time taken for 'hash changed files from watcher' 0.11737500003073364ms
[NX Daemon Server] - 2024-10-28T19:00:55.184Z - Time taken for 'build-project-configs' 16.490375000052154ms
[NX Daemon Server] - 2024-10-28T19:00:55.210Z - [SYNC]: collect registered sync generators
[NX Daemon Server] - 2024-10-28T19:00:55.210Z - [SYNC]: project graph hash is the same, not collecting task sync generators
[NX Daemon Server] - 2024-10-28T19:00:55.210Z - [SYNC]: nx.json hash is the same, not collecting global sync generators
[NX Daemon Server] - 2024-10-28T19:00:55.210Z - Time taken for 'total execution time for createProjectGraph()' 22.01237500004936ms
[NX Daemon Server] - 2024-10-28T19:00:59.533Z - [WATCHER]: packages/components/rslib.config.ts was modified
[NX Daemon Server] - 2024-10-28T19:00:59.533Z - [WATCHER]: Processing file changes in outputs
[NX Daemon Server] - 2024-10-28T19:00:59.735Z - [REQUEST]: Updated workspace context based on watched changes, recomputing project graph...
[NX Daemon Server] - 2024-10-28T19:00:59.735Z - [REQUEST]: packages/components/rslib.config.ts
[NX Daemon Server] - 2024-10-28T19:00:59.735Z - [REQUEST]: 
[NX Daemon Server] - 2024-10-28T19:00:59.736Z - Time taken for 'hash changed files from watcher' 0.10525000002235174ms
[NX Daemon Server] - 2024-10-28T19:00:59.753Z - Time taken for 'build-project-configs' 14.713958999956958ms
[NX Daemon Server] - 2024-10-28T19:00:59.781Z - [SYNC]: collect registered sync generators
[NX Daemon Server] - 2024-10-28T19:00:59.781Z - [SYNC]: project graph hash is the same, not collecting task sync generators
[NX Daemon Server] - 2024-10-28T19:00:59.781Z - [SYNC]: nx.json hash is the same, not collecting global sync generators
[NX Daemon Server] - 2024-10-28T19:00:59.782Z - Time taken for 'total execution time for createProjectGraph()' 25.719583999947645ms
[NX Daemon Server] - 2024-10-28T19:01:03.414Z - [WATCHER]: Processing file changes in outputs
[NX Daemon Server] - 2024-10-28T19:01:04.582Z - Established a connection. Number of open connections: 1
[NX Daemon Server] - 2024-10-28T19:01:04.583Z - Closed a connection. Number of open connections: 0
[NX Daemon Server] - 2024-10-28T19:01:04.583Z - Established a connection. Number of open connections: 1
[NX Daemon Server] - 2024-10-28T19:01:04.585Z - [REQUEST]: Client Request for Project Graph Received
[NX Daemon Server] - 2024-10-28T19:01:04.585Z - [REQUEST]: Responding to the client. project-graph
[NX Daemon Server] - 2024-10-28T19:01:04.585Z - Time taken for 'total for creating and serializing project graph' 0.14591600000858307ms
[NX Daemon Server] - 2024-10-28T19:01:04.588Z - Done responding to the client project-graph
[NX Daemon Server] - 2024-10-28T19:01:04.588Z - Handled REQUEST_PROJECT_GRAPH. Handling time: 1. Response time: 3.
[NX Daemon Server] - 2024-10-28T19:01:04.633Z - [REQUEST]: Responding to the client. handleHashTasks
[NX Daemon Server] - 2024-10-28T19:01:04.633Z - Done responding to the client handleHashTasks
[NX Daemon Server] - 2024-10-28T19:01:04.633Z - Handled HASH_TASKS. Handling time: 13. Response time: 0.
[NX Daemon Server] - 2024-10-28T19:01:07.591Z - [WATCHER]: Processing file changes in outputs
[NX Daemon Server] - 2024-10-28T19:01:08.120Z - [REQUEST]: Responding to the client. recordOutputsHash
[NX Daemon Server] - 2024-10-28T19:01:08.120Z - Done responding to the client recordOutputsHash
[NX Daemon Server] - 2024-10-28T19:01:08.120Z - Handled RECORD_OUTPUTS_HASH. Handling time: 2. Response time: 0.
[NX Daemon Server] - 2024-10-28T19:01:08.123Z - [WATCHER]: Processing file changes in outputs
[NX Daemon Server] - 2024-10-28T19:01:08.200Z - [REQUEST]: Responding to the client. PROCESS_IN_BACKGROUND
[NX Daemon Server] - 2024-10-28T19:01:08.200Z - Done responding to the client PROCESS_IN_BACKGROUND
[NX Daemon Server] - 2024-10-28T19:01:08.200Z - Handled PROCESS_IN_BACKGROUND. Handling time: 20. Response time: 0.
[NX Daemon Server] - 2024-10-28T19:01:08.200Z - [WATCHER]: Processing file changes in outputs
[NX Daemon Server] - 2024-10-28T19:01:08.201Z - Uploading file artifacts
[NX Daemon Server] - 2024-10-28T19:01:08.201Z - Done uploading file artifacts
[NX Daemon Server] - 2024-10-28T19:01:08.201Z - Sending EndRun request
[NX Daemon Server] - 2024-10-28T19:01:08.466Z - Closed a connection. Number of open connections: 0
[NX Daemon Server] - 2024-10-28T19:01:10.635Z - Error when sending EndRun
Error: This workspace is more than three days old and is not connected. Workspaces must be connected within 3 days of creation. Claim your workspace at https://cloud.nx.app
    at Timeout._onTimeout (/Users/rcanfield/Projects/squadron-test/zephyr-demo/.nx/cache/cloud/2410.25.5/lib/daemon/process-run-end.js:32:8976)
    at process.processTicksAndRejections (node:internal/process/task_queues:95:5)
[NX Daemon Server] - 2024-10-28T19:01:18.285Z - [WATCHER]: packages/components/rslib.config.ts was modified
[NX Daemon Server] - 2024-10-28T19:01:18.285Z - [WATCHER]: Processing file changes in outputs
[NX Daemon Server] - 2024-10-28T19:01:18.386Z - [REQUEST]: Updated workspace context based on watched changes, recomputing project graph...
[NX Daemon Server] - 2024-10-28T19:01:18.386Z - [REQUEST]: packages/components/rslib.config.ts
[NX Daemon Server] - 2024-10-28T19:01:18.386Z - [REQUEST]: 
[NX Daemon Server] - 2024-10-28T19:01:18.387Z - Time taken for 'hash changed files from watcher' 0.10966700001154095ms
[NX Daemon Server] - 2024-10-28T19:01:18.399Z - Time taken for 'build-project-configs' 10.315458999946713ms
[NX Daemon Server] - 2024-10-28T19:01:18.427Z - [SYNC]: collect registered sync generators
[NX Daemon Server] - 2024-10-28T19:01:18.427Z - [SYNC]: project graph hash is the same, not collecting task sync generators
[NX Daemon Server] - 2024-10-28T19:01:18.427Z - [SYNC]: nx.json hash is the same, not collecting global sync generators
[NX Daemon Server] - 2024-10-28T19:01:18.427Z - Time taken for 'total execution time for createProjectGraph()' 24.120125000015832ms
[NX Daemon Server] - 2024-10-28T19:01:21.866Z - [WATCHER]: Processing file changes in outputs
[NX Daemon Server] - 2024-10-28T19:01:22.982Z - Established a connection. Number of open connections: 1
[NX Daemon Server] - 2024-10-28T19:01:22.983Z - Closed a connection. Number of open connections: 0
[NX Daemon Server] - 2024-10-28T19:01:22.983Z - Established a connection. Number of open connections: 1
[NX Daemon Server] - 2024-10-28T19:01:22.984Z - [REQUEST]: Client Request for Project Graph Received
[NX Daemon Server] - 2024-10-28T19:01:22.985Z - [REQUEST]: Responding to the client. project-graph
[NX Daemon Server] - 2024-10-28T19:01:22.985Z - Time taken for 'total for creating and serializing project graph' 0.1289589999942109ms
[NX Daemon Server] - 2024-10-28T19:01:22.988Z - Done responding to the client project-graph
[NX Daemon Server] - 2024-10-28T19:01:22.988Z - Handled REQUEST_PROJECT_GRAPH. Handling time: 1. Response time: 3.
[NX Daemon Server] - 2024-10-28T19:01:23.032Z - [REQUEST]: Responding to the client. handleHashTasks
[NX Daemon Server] - 2024-10-28T19:01:23.033Z - Done responding to the client handleHashTasks
[NX Daemon Server] - 2024-10-28T19:01:23.033Z - Handled HASH_TASKS. Handling time: 13. Response time: 1.
[NX Daemon Server] - 2024-10-28T19:01:25.930Z - [WATCHER]: Processing file changes in outputs
[NX Daemon Server] - 2024-10-28T19:01:26.474Z - [REQUEST]: Responding to the client. recordOutputsHash
[NX Daemon Server] - 2024-10-28T19:01:26.474Z - Done responding to the client recordOutputsHash
[NX Daemon Server] - 2024-10-28T19:01:26.474Z - Handled RECORD_OUTPUTS_HASH. Handling time: 4. Response time: 0.
[NX Daemon Server] - 2024-10-28T19:01:26.476Z - [WATCHER]: Processing file changes in outputs
[NX Daemon Server] - 2024-10-28T19:01:26.530Z - [WATCHER]: Processing file changes in outputs
[NX Daemon Server] - 2024-10-28T19:01:26.565Z - [REQUEST]: Responding to the client. PROCESS_IN_BACKGROUND
[NX Daemon Server] - 2024-10-28T19:01:26.566Z - Done responding to the client PROCESS_IN_BACKGROUND
[NX Daemon Server] - 2024-10-28T19:01:26.566Z - Handled PROCESS_IN_BACKGROUND. Handling time: 21. Response time: 1.
[NX Daemon Server] - 2024-10-28T19:01:26.567Z - Uploading file artifacts
[NX Daemon Server] - 2024-10-28T19:01:26.567Z - Done uploading file artifacts
[NX Daemon Server] - 2024-10-28T19:01:26.567Z - Sending EndRun request
[NX Daemon Server] - 2024-10-28T19:01:26.822Z - Closed a connection. Number of open connections: 0
[NX Daemon Server] - 2024-10-28T19:01:27.759Z - Error when sending EndRun
Error: This workspace is more than three days old and is not connected. Workspaces must be connected within 3 days of creation. Claim your workspace at https://cloud.nx.app
    at Timeout._onTimeout (/Users/rcanfield/Projects/squadron-test/zephyr-demo/.nx/cache/cloud/2410.25.5/lib/daemon/process-run-end.js:32:8976)
    at process.processTicksAndRejections (node:internal/process/task_queues:95:5)
[NX Daemon Server] - 2024-10-28T19:01:46.141Z - Established a connection. Number of open connections: 1
[NX Daemon Server] - 2024-10-28T19:01:46.142Z - Closed a connection. Number of open connections: 0
[NX Daemon Server] - 2024-10-28T19:01:46.142Z - Established a connection. Number of open connections: 1
[NX Daemon Server] - 2024-10-28T19:01:46.143Z - [REQUEST]: Client Request for Project Graph Received
[NX Daemon Server] - 2024-10-28T19:01:46.143Z - [REQUEST]: Responding to the client. project-graph
[NX Daemon Server] - 2024-10-28T19:01:46.144Z - Time taken for 'total for creating and serializing project graph' 0.11604200000874698ms
[NX Daemon Server] - 2024-10-28T19:01:46.147Z - Done responding to the client project-graph
[NX Daemon Server] - 2024-10-28T19:01:46.147Z - Handled REQUEST_PROJECT_GRAPH. Handling time: 0. Response time: 4.
[NX Daemon Server] - 2024-10-28T19:01:46.189Z - [REQUEST]: Responding to the client. handleHashTasks
[NX Daemon Server] - 2024-10-28T19:01:46.189Z - Done responding to the client handleHashTasks
[NX Daemon Server] - 2024-10-28T19:01:46.189Z - Handled HASH_TASKS. Handling time: 12. Response time: 0.
[NX Daemon Server] - 2024-10-28T19:01:46.446Z - Established a connection. Number of open connections: 2
[NX Daemon Server] - 2024-10-28T19:01:46.447Z - Closed a connection. Number of open connections: 1
[NX Daemon Server] - 2024-10-28T19:01:46.448Z - Established a connection. Number of open connections: 2
[NX Daemon Server] - 2024-10-28T19:01:46.449Z - [REQUEST]: Client Request for Project Graph Received
[NX Daemon Server] - 2024-10-28T19:01:46.449Z - [REQUEST]: Responding to the client. project-graph
[NX Daemon Server] - 2024-10-28T19:01:46.450Z - Time taken for 'total for creating and serializing project graph' 0.16700000001583248ms
[NX Daemon Server] - 2024-10-28T19:01:46.451Z - Established a connection. Number of open connections: 3
[NX Daemon Server] - 2024-10-28T19:01:46.451Z - Closed a connection. Number of open connections: 2
[NX Daemon Server] - 2024-10-28T19:01:46.452Z - Established a connection. Number of open connections: 3
[NX Daemon Server] - 2024-10-28T19:01:46.453Z - [REQUEST]: Client Request for Project Graph Received
[NX Daemon Server] - 2024-10-28T19:01:46.453Z - [REQUEST]: Responding to the client. project-graph
[NX Daemon Server] - 2024-10-28T19:01:46.454Z - Time taken for 'total for creating and serializing project graph' 0.1750410000095144ms
[NX Daemon Server] - 2024-10-28T19:01:46.462Z - Done responding to the client project-graph
[NX Daemon Server] - 2024-10-28T19:01:46.462Z - Handled REQUEST_PROJECT_GRAPH. Handling time: 0. Response time: 13.
[NX Daemon Server] - 2024-10-28T19:01:46.462Z - Done responding to the client project-graph
[NX Daemon Server] - 2024-10-28T19:01:46.462Z - Handled REQUEST_PROJECT_GRAPH. Handling time: 0. Response time: 9.
[NX Daemon Server] - 2024-10-28T19:01:46.511Z - [REQUEST]: Responding to the client. handleHashTasks
[NX Daemon Server] - 2024-10-28T19:01:46.520Z - [REQUEST]: Responding to the client. handleHashTasks
[NX Daemon Server] - 2024-10-28T19:01:46.520Z - Done responding to the client handleHashTasks
[NX Daemon Server] - 2024-10-28T19:01:46.520Z - Handled HASH_TASKS. Handling time: 8. Response time: 0.
[NX Daemon Server] - 2024-10-28T19:01:46.520Z - Done responding to the client handleHashTasks
[NX Daemon Server] - 2024-10-28T19:01:46.520Z - Handled HASH_TASKS. Handling time: 8. Response time: 9.
[NX Daemon Server] - 2024-10-28T19:01:47.132Z - [WATCHER]: Processing file changes in outputs
[NX Daemon Server] - 2024-10-28T19:01:47.385Z - [WATCHER]: Processing file changes in outputs
[NX Daemon Server] - 2024-10-28T19:01:47.686Z - [REQUEST]: Responding to the client. recordOutputsHash
[NX Daemon Server] - 2024-10-28T19:01:47.686Z - Done responding to the client recordOutputsHash
[NX Daemon Server] - 2024-10-28T19:01:47.686Z - Handled RECORD_OUTPUTS_HASH. Handling time: 0. Response time: 0.
[NX Daemon Server] - 2024-10-28T19:01:48.026Z - Closed a connection. Number of open connections: 2
[NX Daemon Server] - 2024-10-28T19:01:48.514Z - [WATCHER]: Processing file changes in outputs
[NX Daemon Server] - 2024-10-28T19:01:48.583Z - [WATCHER]: Processing file changes in outputs
[NX Daemon Server] - 2024-10-28T19:01:48.771Z - [WATCHER]: Processing file changes in outputs
[NX Daemon Server] - 2024-10-28T19:01:48.825Z - [WATCHER]: Processing file changes in outputs
[NX Daemon Server] - 2024-10-28T19:01:48.957Z - [WATCHER]: Processing file changes in outputs
[NX Daemon Server] - 2024-10-28T19:01:49.037Z - [WATCHER]: Processing file changes in outputs
[NX Daemon Server] - 2024-10-28T19:01:49.959Z - [WATCHER]: Processing file changes in outputs
[NX Daemon Server] - 2024-10-28T19:02:00.713Z - Closed a connection. Number of open connections: 1
[NX Daemon Server] - 2024-10-28T19:02:00.716Z - Closed a connection. Number of open connections: 0
